<?xml version="1.0" encoding="UTF-8"?>
<!-- Generated by org.testng.reporters.JUnitReportReporter -->
<testsuite hostname="LAPTOP-TRU5U6IG" failures="0" tests="1" name="basic.MavenProject.searchngoBack" time="13.779" errors="0" timestamp="2024-06-25T21:21:42 IST" skipped="0">
  <testcase classname="basic.MavenProject.searchngoBack" name="test1" time="13.779"/>
  <system-out/>
</testsuite> <!-- basic.MavenProject.searchngoBack -->
