<?xml version="1.0" encoding="UTF-8"?>
<!-- Generated by org.testng.reporters.JUnitReportReporter -->
<testsuite hostname="LAPTOP-TRU5U6IG" failures="0" tests="1" name="basic.MavenProject.amazonFresh" time="9.689" errors="0" timestamp="2024-06-25T21:56:36 IST" skipped="0">
  <testcase classname="basic.MavenProject.amazonFresh" name="test1" time="9.689"/>
  <system-out/>
</testsuite> <!-- basic.MavenProject.amazonFresh -->
