<?xml version="1.0" encoding="UTF-8"?>
<!-- Generated by org.testng.reporters.JUnitReportReporter -->
<testsuite hostname="LAPTOP-TRU5U6IG" failures="0" tests="1" name="basic.MavenProject.searchCamera" time="16.968" errors="0" timestamp="2024-06-26T19:31:05 IST" skipped="0">
  <testcase classname="basic.MavenProject.searchCamera" name="test1" time="16.968"/>
  <system-out/>
</testsuite> <!-- basic.MavenProject.searchCamera -->
