<?xml version="1.0" encoding="UTF-8"?>
<!-- Generated by org.testng.reporters.JUnitReportReporter -->
<testsuite hostname="LAPTOP-TRU5U6IG" failures="0" tests="3" name="basic.MavenProject.crossBrowserTesting" time="39.145" errors="0" timestamp="2024-06-22T12:51:19 IST" skipped="0">
  <testcase classname="basic.MavenProject.crossBrowserTesting" name="test1" time="14.486"/>
  <system-out/>
  <testcase classname="basic.MavenProject.crossBrowserTesting" name="test1" time="10.980"/>
  <system-out/>
  <testcase classname="basic.MavenProject.crossBrowserTesting" name="test1" time="13.679"/>
  <system-out/>
</testsuite> <!-- basic.MavenProject.crossBrowserTesting -->
