<?xml version="1.0" encoding="UTF-8"?>
<!-- Generated by org.testng.reporters.JUnitReportReporter -->
<testsuite hostname="LAPTOP-TRU5U6IG" failures="0" tests="3" name="basic.MavenProject.amazonScenario10Tc.todaysDeal9" time="64.223" errors="0" timestamp="2024-06-26T20:02:26 IST" skipped="0">
  <testcase classname="basic.MavenProject.amazonScenario10Tc.todaysDeal9" name="test9" time="18.898"/>
  <system-out/>
  <testcase classname="basic.MavenProject.amazonScenario10Tc.todaysDeal9" name="test9" time="22.894"/>
  <system-out/>
  <testcase classname="basic.MavenProject.amazonScenario10Tc.todaysDeal9" name="test9" time="22.431"/>
  <system-out/>
</testsuite> <!-- basic.MavenProject.amazonScenario10Tc.todaysDeal9 -->
