<?xml version="1.0" encoding="UTF-8"?>
<!-- Generated by org.testng.reporters.JUnitReportReporter -->
<testsuite hostname="LAPTOP-TRU5U6IG" failures="0" tests="3" name="basic.MavenProject.amazonScenario10Tc.powerOfMindsTc8" time="0.002" errors="0" timestamp="2024-06-24T23:57:12 IST" skipped="0">
  <testcase classname="basic.MavenProject.amazonScenario10Tc.powerOfMindsTc8" name="test8" time="0.002"/>
  <system-out/>
  <testcase classname="basic.MavenProject.amazonScenario10Tc.powerOfMindsTc8" name="test8" time="0.000"/>
  <system-out/>
  <testcase classname="basic.MavenProject.amazonScenario10Tc.powerOfMindsTc8" name="test8" time="0.000"/>
  <system-out/>
</testsuite> <!-- basic.MavenProject.amazonScenario10Tc.powerOfMindsTc8 -->
