<?xml version="1.0" encoding="UTF-8"?>
<!-- Generated by org.testng.reporters.JUnitReportReporter -->
<testsuite hostname="LAPTOP-TRU5U6IG" failures="0" tests="1" name="basic.MavenProject.serachMouse" time="12.339" errors="0" timestamp="2024-06-26T19:19:17 IST" skipped="0">
  <testcase classname="basic.MavenProject.serachMouse" name="test1" time="12.339"/>
  <system-out/>
</testsuite> <!-- basic.MavenProject.serachMouse -->
