<?xml version="1.0" encoding="UTF-8"?>
<!-- Generated by org.testng.reporters.JUnitReportReporter -->
<testsuite hostname="LAPTOP-TRU5U6IG" failures="0" tests="1" name="basic.MavenProject.serachMobile" time="8.425" errors="0" timestamp="2024-06-26T19:21:08 IST" skipped="0">
  <testcase classname="basic.MavenProject.serachMobile" name="test1" time="8.425"/>
  <system-out/>
</testsuite> <!-- basic.MavenProject.serachMobile -->
