<?xml version="1.0" encoding="UTF-8"?>
<!-- Generated by org.testng.reporters.JUnitReportReporter -->
<testsuite hostname="LAPTOP-TRU5U6IG" failures="0" tests="1" name="basic.MavenProject.todaysDeal" time="15.749" errors="0" timestamp="2024-06-24T23:26:56 IST" skipped="0">
  <testcase classname="basic.MavenProject.todaysDeal" name="test1" time="15.749"/>
  <system-out/>
</testsuite> <!-- basic.MavenProject.todaysDeal -->
