<?xml version="1.0" encoding="UTF-8"?>
<!-- Generated by org.testng.reporters.JUnitReportReporter -->
<testsuite hostname="LAPTOP-TRU5U6IG" failures="0" tests="1" name="skipTest.timeOutAnnottion" time="3.214" errors="0" timestamp="2024-06-30T22:32:40 IST" skipped="0">
  <testcase classname="skipTest.timeOutAnnottion" name="login" time="3.214"/>
  <system-out/>
</testsuite> <!-- skipTest.timeOutAnnottion -->
