<?xml version="1.0" encoding="UTF-8"?>
<!-- Generated by org.testng.reporters.JUnitReportReporter -->
<testsuite hostname="LAPTOP-TRU5U6IG" failures="0" tests="1" name="basic.MavenProject.searchMobileCover" time="13.032" errors="0" timestamp="2024-06-25T21:36:24 IST" skipped="0">
  <testcase classname="basic.MavenProject.searchMobileCover" name="test1" time="13.032"/>
  <system-out/>
</testsuite> <!-- basic.MavenProject.searchMobileCover -->
