<?xml version="1.0" encoding="UTF-8"?>
<!-- Generated by org.testng.reporters.JUnitReportReporter -->
<testsuite hostname="LAPTOP-TRU5U6IG" failures="0" tests="1" name="seleniumPrograms.TestngMavenProject.TestCase1" time="10.858" errors="0" timestamp="2024-07-05T19:07:18 IST" skipped="0">
  <testcase classname="seleniumPrograms.TestngMavenProject.TestCase1" name="login" time="10.858"/>
  <system-out/>
</testsuite> <!-- seleniumPrograms.TestngMavenProject.TestCase1 -->
