<?xml version="1.0" encoding="UTF-8"?>
<!-- Generated by org.testng.reporters.JUnitReportReporter -->
<testsuite hostname="LAPTOP-TRU5U6IG" failures="0" tests="1" name="seleniumPrograms.TestngMavenProject.TestCase2" time="9.139" errors="0" timestamp="2024-07-04T20:10:05 IST" skipped="0">
  <testcase classname="seleniumPrograms.TestngMavenProject.TestCase2" name="productPage" time="9.139"/>
  <system-out/>
</testsuite> <!-- seleniumPrograms.TestngMavenProject.TestCase2 -->
