<?xml version="1.0" encoding="UTF-8"?>
<!-- Generated by org.testng.reporters.JUnitReportReporter -->
<testsuite hostname="LAPTOP-TRU5U6IG" failures="0" tests="1" name="seleniumPrograms.TestngMavenProject.TestCase3" time="11.760" errors="0" timestamp="2024-07-05T20:59:26 IST" skipped="0">
  <testcase classname="seleniumPrograms.TestngMavenProject.TestCase3" name="addtoWishList" time="11.760"/>
  <system-out/>
</testsuite> <!-- seleniumPrograms.TestngMavenProject.TestCase3 -->
