<?xml version="1.0" encoding="UTF-8"?>
<!-- Generated by org.testng.reporters.JUnitReportReporter -->
<testsuite hostname="LAPTOP-TRU5U6IG" failures="0" tests="1" name="js.scrollingInSelnium" time="3.907" errors="0" timestamp="2024-07-04T22:04:46 IST" skipped="0">
  <testcase classname="js.scrollingInSelnium" name="scrollDemo" time="3.907"/>
  <system-out/>
</testsuite> <!-- js.scrollingInSelnium -->
