<?xml version="1.0" encoding="UTF-8"?>
<!-- Generated by org.testng.reporters.JUnitReportReporter -->
<testsuite hostname="LAPTOP-TRU5U6IG" failures="0" tests="1" name="js.scrollProg" time="3.743" errors="0" timestamp="2024-07-04T21:48:03 IST" skipped="0">
  <testcase classname="js.scrollProg" name="scrollDemo" time="3.743"/>
  <system-out/>
</testsuite> <!-- js.scrollProg -->
