<?xml version="1.0" encoding="UTF-8"?>
<!-- Generated by org.testng.reporters.JUnitReportReporter -->
<testsuite hostname="LAPTOP-TRU5U6IG" failures="0" tests="1" name="test.crossBrowserTesting" time="12.743" errors="0" timestamp="2024-06-19T19:57:45 IST" skipped="0">
  <testcase classname="test.crossBrowserTesting" name="login" time="12.743"/>
  <system-out/>
</testsuite> <!-- test.crossBrowserTesting -->
